# JRE version: Java(TM) SE Runtime Environment (8.0_191-b12) (build 1.8.0_191-b12)
# Java VM: Java HotSpot(TM) 64-Bit Server VM (25.191-b12 mixed mode windows-amd64 compressed oops)
Heap:
 PSYoungGen      total 446976K, used 137207K [0x00000000d5580000, 0x00000000fee00000, 0x0000000100000000)
  eden space 214528K, 63% used [0x00000000d5580000,0x00000000ddb7df68,0x00000000e2700000)
  from space 232448K, 0% used [0x00000000f0b00000,0x00000000f0b00000,0x00000000fee00000)
  to   space 232960K, 0% used [0x00000000e2700000,0x00000000e2700000,0x00000000f0a80000)
 ParOldGen       total 1398272K, used 1233033K [0x0000000080000000, 0x00000000d5580000, 0x00000000d5580000)
  object space 1398272K, 88% used [0x0000000080000000,0x00000000cb4224e0,0x00000000d5580000)
 Metaspace       used 14501K, capacity 15046K, committed 15232K, reserved 1062912K
  class space    used 1453K, capacity 1609K, committed 1664K, reserved 1048576K
GC Heap History (10 events):
Event: 64.499 GC heap before
{Heap before GC invocations=79 (full 53):
 PSYoungGen      total 446976K, used 214528K [0x00000000d5580000, 0x00000000fee00000, 0x0000000100000000)
  eden space 214528K, 100% used [0x00000000d5580000,0x00000000e2700000,0x00000000e2700000)
  from space 232448K, 0% used [0x00000000f0b00000,0x00000000f0b00000,0x00000000fee00000)
  to   space 232960K, 0% used [0x00000000e2700000,0x00000000e2700000,0x00000000f0a80000)
 ParOldGen       total 1398272K, used 1233521K [0x0000000080000000, 0x00000000d5580000, 0x00000000d5580000)
  object space 1398272K, 88% used [0x0000000080000000,0x00000000cb49c570,0x00000000d5580000)
 Metaspace       used 14470K, capacity 14974K, committed 15232K, reserved 1062912K
  class space    used 1452K, capacity 1609K, committed 1664K, reserved 1048576K
Event: 65.433 GC heap after
Heap after GC invocations=79 (full 53):
 PSYoungGen      total 446976K, used 0K [0x00000000d5580000, 0x00000000fee00000, 0x0000000100000000)
  eden space 214528K, 0% used [0x00000000d5580000,0x00000000d5580000,0x00000000e2700000)
  from space 232448K, 0% used [0x00000000f0b00000,0x00000000f0b00000,0x00000000fee00000)
  to   space 232960K, 0% used [0x00000000e2700000,0x00000000e2700000,0x00000000f0a80000)
 ParOldGen       total 1398272K, used 1233011K [0x0000000080000000, 0x00000000d5580000, 0x00000000d5580000)
  object space 1398272K, 88% used [0x0000000080000000,0x00000000cb41cd78,0x00000000d5580000)
 Metaspace       used 14470K, capacity 14974K, committed 15232K, reserved 1062912K
  class space    used 1452K, capacity 1609K, committed 1664K, reserved 1048576K
}
Event: 66.298 GC heap before
{Heap before GC invocations=80 (full 54):
 PSYoungGen      total 446976K, used 214528K [0x00000000d5580000, 0x00000000fee00000, 0x0000000100000000)
  eden space 214528K, 100% used [0x00000000d5580000,0x00000000e2700000,0x00000000e2700000)
  from space 232448K, 0% used [0x00000000f0b00000,0x00000000f0b00000,0x00000000fee00000)
  to   space 232960K, 0% used [0x00000000e2700000,0x00000000e2700000,0x00000000f0a80000)
 ParOldGen       total 1398272K, used 1233011K [0x0000000080000000, 0x00000000d5580000, 0x00000000d5580000)
  object space 1398272K, 88% used [0x0000000080000000,0x00000000cb41cd78,0x00000000d5580000)
 Metaspace       used 14479K, capacity 15038K, committed 15232K, reserved 1062912K
  class space    used 1453K, capacity 1609K, committed 1664K, reserved 1048576K
Event: 67.480 GC heap after
Heap after GC invocations=80 (full 54):
 PSYoungGen      total 446976K, used 0K [0x00000000d5580000, 0x00000000fee00000, 0x0000000100000000)
  eden space 214528K, 0% used [0x00000000d5580000,0x00000000d5580000,0x00000000e2700000)
  from space 232448K, 0% used [0x00000000f0b00000,0x00000000f0b00000,0x00000000fee00000)
  to   space 232960K, 0% used [0x00000000e2700000,0x00000000e2700000,0x00000000f0a80000)
 ParOldGen       total 1398272K, used 1232724K [0x0000000080000000, 0x00000000d5580000, 0x00000000d5580000)
  object space 1398272K, 88% used [0x0000000080000000,0x00000000cb3d5240,0x00000000d5580000)
 Metaspace       used 14479K, capacity 15038K, committed 15232K, reserved 1062912K
  class space    used 1453K, capacity 1609K, committed 1664K, reserved 1048576K
}
Event: 68.747 GC heap before
{Heap before GC invocations=81 (full 55):
 PSYoungGen      total 446976K, used 214528K [0x00000000d5580000, 0x00000000fee00000, 0x0000000100000000)
  eden space 214528K, 100% used [0x00000000d5580000,0x00000000e2700000,0x00000000e2700000)
  from space 232448K, 0% used [0x00000000f0b00000,0x00000000f0b00000,0x00000000fee00000)
  to   space 232960K, 0% used [0x00000000e2700000,0x00000000e2700000,0x00000000f0a80000)
 ParOldGen       total 1398272K, used 1232724K [0x0000000080000000, 0x00000000d5580000, 0x00000000d5580000)
  object space 1398272K, 88% used [0x0000000080000000,0x00000000cb3d5240,0x00000000d5580000)
 Metaspace       used 14482K, capacity 15038K, committed 15232K, reserved 1062912K
  class space    used 1453K, capacity 1609K, committed 1664K, reserved 1048576K
Event: 69.668 GC heap after
Heap after GC invocations=81 (full 55):
 PSYoungGen      total 446976K, used 0K [0x00000000d5580000, 0x00000000fee00000, 0x0000000100000000)
  eden space 214528K, 0% used [0x00000000d5580000,0x00000000d5580000,0x00000000e2700000)
  from space 232448K, 0% used [0x00000000f0b00000,0x00000000f0b00000,0x00000000fee00000)
  to   space 232960K, 0% used [0x00000000e2700000,0x00000000e2700000,0x00000000f0a80000)
 ParOldGen       total 1398272K, used 1233384K [0x0000000080000000, 0x00000000d5580000, 0x00000000d5580000)
  object space 1398272K, 88% used [0x0000000080000000,0x00000000cb47a1a0,0x00000000d5580000)
 Metaspace       used 14482K, capacity 15038K, committed 15232K, reserved 1062912K
  class space    used 1453K, capacity 1609K, committed 1664K, reserved 1048576K
}
Event: 70.475 GC heap before
{Heap before GC invocations=82 (full 56):
 PSYoungGen      total 446976K, used 214528K [0x00000000d5580000, 0x00000000fee00000, 0x0000000100000000)
  eden space 214528K, 100% used [0x00000000d5580000,0x00000000e2700000,0x00000000e2700000)
  from space 232448K, 0% used [0x00000000f0b00000,0x00000000f0b00000,0x00000000fee00000)
  to   space 232960K, 0% used [0x00000000e2700000,0x00000000e2700000,0x00000000f0a80000)
 ParOldGen       total 1398272K, used 1233384K [0x0000000080000000, 0x00000000d5580000, 0x00000000d5580000)
  object space 1398272K, 88% used [0x0000000080000000,0x00000000cb47a1a0,0x00000000d5580000)
 Metaspace       used 14485K, capacity 15038K, committed 15232K, reserved 1062912K
  class space    used 1453K, capacity 1609K, committed 1664K, reserved 1048576K
Event: 71.504 GC heap after
Heap after GC invocations=82 (full 56):
 PSYoungGen      total 446976K, used 0K [0x00000000d5580000, 0x00000000fee00000, 0x0000000100000000)
  eden space 214528K, 0% used [0x00000000d5580000,0x00000000d5580000,0x00000000e2700000)
  from space 232448K, 0% used [0x00000000f0b00000,0x00000000f0b00000,0x00000000fee00000)
  to   space 232960K, 0% used [0x00000000e2700000,0x00000000e2700000,0x00000000f0a80000)
 ParOldGen       total 1398272K, used 1236125K [0x0000000080000000, 0x00000000d5580000, 0x00000000d5580000)
  object space 1398272K, 88% used [0x0000000080000000,0x00000000cb727748,0x00000000d5580000)
 Metaspace       used 14485K, capacity 15038K, committed 15232K, reserved 1062912K
  class space    used 1453K, capacity 1609K, committed 1664K, reserved 1048576K
}
Event: 72.592 GC heap before
{Heap before GC invocations=83 (full 57):
 PSYoungGen      total 446976K, used 214528K [0x00000000d5580000, 0x00000000fee00000, 0x0000000100000000)
  eden space 214528K, 100% used [0x00000000d5580000,0x00000000e2700000,0x00000000e2700000)
  from space 232448K, 0% used [0x00000000f0b00000,0x00000000f0b00000,0x00000000fee00000)
  to   space 232960K, 0% used [0x00000000e2700000,0x00000000e2700000,0x00000000f0a80000)
 ParOldGen       total 1398272K, used 1236125K [0x0000000080000000, 0x00000000d5580000, 0x00000000d5580000)
  object space 1398272K, 88% used [0x0000000080000000,0x00000000cb727748,0x00000000d5580000)
 Metaspace       used 14501K, capacity 15046K, committed 15232K, reserved 1062912K
  class space    used 1453K, capacity 1609K, committed 1664K, reserved 1048576K
Event: 75.474 GC heap after
Heap after GC invocations=83 (full 57):
 PSYoungGen      total 446976K, used 0K [0x00000000d5580000, 0x00000000fee00000, 0x0000000100000000)
  eden space 214528K, 0% used [0x00000000d5580000,0x00000000d5580000,0x00000000e2700000)
  from space 232448K, 0% used [0x00000000f0b00000,0x00000000f0b00000,0x00000000fee00000)
  to   space 232960K, 0% used [0x00000000e2700000,0x00000000e2700000,0x00000000f0a80000)
 ParOldGen       total 1398272K, used 1233033K [0x0000000080000000, 0x00000000d5580000, 0x00000000d5580000)
  object space 1398272K, 88% used [0x0000000080000000,0x00000000cb4224e0,0x00000000d5580000)
 Metaspace       used 14501K, capacity 15046K, committed 15232K, reserved 1062912K
  class space    used 1453K, capacity 1609K, committed 1664K, reserved 1048576K
}

