# JRE version: Java(TM) SE Runtime Environment (8.0_191-b12) (build 1.8.0_191-b12)
# Java VM: Java HotSpot(TM) 64-Bit Server VM (25.191-b12 mixed mode windows-amd64 compressed oops)
Heap:
 PSYoungGen      total 561664K, used 355090K [0x00000000d5580000, 0x00000000f8e80000, 0x0000000100000000)
  eden space 547328K, 64% used [0x00000000d5580000,0x00000000eab9ca28,0x00000000f6c00000)
  from space 14336K, 33% used [0x00000000f7980000,0x00000000f7e28000,0x00000000f8780000)
  to   space 13824K, 0% used [0x00000000f6c00000,0x00000000f6c00000,0x00000000f7980000)
 ParOldGen       total 1398272K, used 1257605K [0x0000000080000000, 0x00000000d5580000, 0x00000000d5580000)
  object space 1398272K, 89% used [0x0000000080000000,0x00000000ccc21428,0x00000000d5580000)
 Metaspace       used 14717K, capacity 15344K, committed 15488K, reserved 1062912K
  class space    used 1469K, capacity 1636K, committed 1664K, reserved 1048576K
GC Heap History (10 events):
Event: 148.930 GC heap before
{Heap before GC invocations=156 (full 5):
 PSYoungGen      total 553984K, used 542944K [0x00000000d5580000, 0x00000000f8280000, 0x0000000100000000)
  eden space 539136K, 100% used [0x00000000d5580000,0x00000000f6400000,0x00000000f6400000)
  from space 14848K, 25% used [0x00000000f6400000,0x00000000f67b8000,0x00000000f7280000)
  to   space 13824K, 0% used [0x00000000f7500000,0x00000000f7500000,0x00000000f8280000)
 ParOldGen       total 1398272K, used 1256509K [0x0000000080000000, 0x00000000d5580000, 0x00000000d5580000)
  object space 1398272K, 89% used [0x0000000080000000,0x00000000ccb0f428,0x00000000d5580000)
 Metaspace       used 14716K, capacity 15344K, committed 15488K, reserved 1062912K
  class space    used 1469K, capacity 1636K, committed 1664K, reserved 1048576K
Event: 148.946 GC heap after
Heap after GC invocations=156 (full 5):
 PSYoungGen      total 555520K, used 5472K [0x00000000d5580000, 0x00000000f8180000, 0x0000000100000000)
  eden space 542720K, 0% used [0x00000000d5580000,0x00000000d5580000,0x00000000f6780000)
  from space 12800K, 42% used [0x00000000f7500000,0x00000000f7a58000,0x00000000f8180000)
  to   space 13312K, 0% used [0x00000000f6780000,0x00000000f6780000,0x00000000f7480000)
 ParOldGen       total 1398272K, used 1256509K [0x0000000080000000, 0x00000000d5580000, 0x00000000d5580000)
  object space 1398272K, 89% used [0x0000000080000000,0x00000000ccb0f428,0x00000000d5580000)
 Metaspace       used 14716K, capacity 15344K, committed 15488K, reserved 1062912K
  class space    used 1469K, capacity 1636K, committed 1664K, reserved 1048576K
}
Event: 151.234 GC heap before
{Heap before GC invocations=157 (full 5):
 PSYoungGen      total 555520K, used 548192K [0x00000000d5580000, 0x00000000f8180000, 0x0000000100000000)
  eden space 542720K, 100% used [0x00000000d5580000,0x00000000f6780000,0x00000000f6780000)
  from space 12800K, 42% used [0x00000000f7500000,0x00000000f7a58000,0x00000000f8180000)
  to   space 13312K, 0% used [0x00000000f6780000,0x00000000f6780000,0x00000000f7480000)
 ParOldGen       total 1398272K, used 1256509K [0x0000000080000000, 0x00000000d5580000, 0x00000000d5580000)
  object space 1398272K, 89% used [0x0000000080000000,0x00000000ccb0f428,0x00000000d5580000)
 Metaspace       used 14716K, capacity 15344K, committed 15488K, reserved 1062912K
  class space    used 1469K, capacity 1636K, committed 1664K, reserved 1048576K
Event: 151.246 GC heap after
Heap after GC invocations=157 (full 5):
 PSYoungGen      total 556032K, used 3904K [0x00000000d5580000, 0x00000000f8380000, 0x0000000100000000)
  eden space 542720K, 0% used [0x00000000d5580000,0x00000000d5580000,0x00000000f6780000)
  from space 13312K, 29% used [0x00000000f6780000,0x00000000f6b50000,0x00000000f7480000)
  to   space 12800K, 0% used [0x00000000f7700000,0x00000000f7700000,0x00000000f8380000)
 ParOldGen       total 1398272K, used 1256517K [0x0000000080000000, 0x00000000d5580000, 0x00000000d5580000)
  object space 1398272K, 89% used [0x0000000080000000,0x00000000ccb11428,0x00000000d5580000)
 Metaspace       used 14716K, capacity 15344K, committed 15488K, reserved 1062912K
  class space    used 1469K, capacity 1636K, committed 1664K, reserved 1048576K
}
Event: 153.965 GC heap before
{Heap before GC invocations=158 (full 5):
 PSYoungGen      total 556032K, used 546624K [0x00000000d5580000, 0x00000000f8380000, 0x0000000100000000)
  eden space 542720K, 100% used [0x00000000d5580000,0x00000000f6780000,0x00000000f6780000)
  from space 13312K, 29% used [0x00000000f6780000,0x00000000f6b50000,0x00000000f7480000)
  to   space 12800K, 0% used [0x00000000f7700000,0x00000000f7700000,0x00000000f8380000)
 ParOldGen       total 1398272K, used 1256517K [0x0000000080000000, 0x00000000d5580000, 0x00000000d5580000)
  object space 1398272K, 89% used [0x0000000080000000,0x00000000ccb11428,0x00000000d5580000)
 Metaspace       used 14716K, capacity 15344K, committed 15488K, reserved 1062912K
  class space    used 1469K, capacity 1636K, committed 1664K, reserved 1048576K
Event: 154.026 GC heap after
Heap after GC invocations=158 (full 5):
 PSYoungGen      total 556032K, used 12800K [0x00000000d5580000, 0x00000000f8980000, 0x0000000100000000)
  eden space 543232K, 0% used [0x00000000d5580000,0x00000000d5580000,0x00000000f6800000)
  from space 12800K, 100% used [0x00000000f7700000,0x00000000f8380000,0x00000000f8380000)
  to   space 15360K, 0% used [0x00000000f6800000,0x00000000f6800000,0x00000000f7700000)
 ParOldGen       total 1398272K, used 1257605K [0x0000000080000000, 0x00000000d5580000, 0x00000000d5580000)
  object space 1398272K, 89% used [0x0000000080000000,0x00000000ccc21428,0x00000000d5580000)
 Metaspace       used 14716K, capacity 15344K, committed 15488K, reserved 1062912K
  class space    used 1469K, capacity 1636K, committed 1664K, reserved 1048576K
}
Event: 156.632 GC heap before
{Heap before GC invocations=159 (full 5):
 PSYoungGen      total 556032K, used 556032K [0x00000000d5580000, 0x00000000f8980000, 0x0000000100000000)
  eden space 543232K, 100% used [0x00000000d5580000,0x00000000f6800000,0x00000000f6800000)
  from space 12800K, 100% used [0x00000000f7700000,0x00000000f8380000,0x00000000f8380000)
  to   space 15360K, 0% used [0x00000000f6800000,0x00000000f6800000,0x00000000f7700000)
 ParOldGen       total 1398272K, used 1257605K [0x0000000080000000, 0x00000000d5580000, 0x00000000d5580000)
  object space 1398272K, 89% used [0x0000000080000000,0x00000000ccc21428,0x00000000d5580000)
 Metaspace       used 14717K, capacity 15344K, committed 15488K, reserved 1062912K
  class space    used 1469K, capacity 1636K, committed 1664K, reserved 1048576K
Event: 156.652 GC heap after
Heap after GC invocations=159 (full 5):
 PSYoungGen      total 558592K, used 4768K [0x00000000d5580000, 0x00000000f8780000, 0x0000000100000000)
  eden space 543232K, 0% used [0x00000000d5580000,0x00000000d5580000,0x00000000f6800000)
  from space 15360K, 31% used [0x00000000f6800000,0x00000000f6ca8000,0x00000000f7700000)
  to   space 14336K, 0% used [0x00000000f7980000,0x00000000f7980000,0x00000000f8780000)
 ParOldGen       total 1398272K, used 1257605K [0x0000000080000000, 0x00000000d5580000, 0x00000000d5580000)
  object space 1398272K, 89% used [0x0000000080000000,0x00000000ccc21428,0x00000000d5580000)
 Metaspace       used 14717K, capacity 15344K, committed 15488K, reserved 1062912K
  class space    used 1469K, capacity 1636K, committed 1664K, reserved 1048576K
}
Event: 157.063 GC heap before
{Heap before GC invocations=160 (full 5):
 PSYoungGen      total 558592K, used 548000K [0x00000000d5580000, 0x00000000f8780000, 0x0000000100000000)
  eden space 543232K, 100% used [0x00000000d5580000,0x00000000f6800000,0x00000000f6800000)
  from space 15360K, 31% used [0x00000000f6800000,0x00000000f6ca8000,0x00000000f7700000)
  to   space 14336K, 0% used [0x00000000f7980000,0x00000000f7980000,0x00000000f8780000)
 ParOldGen       total 1398272K, used 1257605K [0x0000000080000000, 0x00000000d5580000, 0x00000000d5580000)
  object space 1398272K, 89% used [0x0000000080000000,0x00000000ccc21428,0x00000000d5580000)
 Metaspace       used 14717K, capacity 15344K, committed 15488K, reserved 1062912K
  class space    used 1469K, capacity 1636K, committed 1664K, reserved 1048576K
Event: 157.132 GC heap after
Heap after GC invocations=160 (full 5):
 PSYoungGen      total 561664K, used 4768K [0x00000000d5580000, 0x00000000f8e80000, 0x0000000100000000)
  eden space 547328K, 0% used [0x00000000d5580000,0x00000000d5580000,0x00000000f6c00000)
  from space 14336K, 33% used [0x00000000f7980000,0x00000000f7e28000,0x00000000f8780000)
  to   space 13824K, 0% used [0x00000000f6c00000,0x00000000f6c00000,0x00000000f7980000)
 ParOldGen       total 1398272K, used 1257605K [0x0000000080000000, 0x00000000d5580000, 0x00000000d5580000)
  object space 1398272K, 89% used [0x0000000080000000,0x00000000ccc21428,0x00000000d5580000)
 Metaspace       used 14717K, capacity 15344K, committed 15488K, reserved 1062912K
  class space    used 1469K, capacity 1636K, committed 1664K, reserved 1048576K
}

