# JRE version: Java(TM) SE Runtime Environment (8.0_191-b12) (build 1.8.0_191-b12)
# Java VM: Java HotSpot(TM) 64-Bit Server VM (25.191-b12 mixed mode windows-amd64 compressed oops)
Heap:
 PSYoungGen      total 862720K, used 57859K [0x0000000781900000, 0x00000007c0000000, 0x00000007c0000000)
  eden space 702464K, 7% used [0x0000000781900000,0x0000000784fe0de8,0x00000007ac700000)
  from space 160256K, 1% used [0x00000007ac700000,0x00000007ac8a0000,0x00000007b6380000)
  to   space 160256K, 0% used [0x00000007b6380000,0x00000007b6380000,0x00000007c0000000)
 ParOldGen       total 1697280K, used 1572337K [0x0000000704a00000, 0x000000076c380000, 0x0000000781900000)
  object space 1697280K, 92% used [0x0000000704a00000,0x000000076497c678,0x000000076c380000)
 Metaspace       used 14706K, capacity 15304K, committed 15488K, reserved 1062912K
  class space    used 1471K, capacity 1636K, committed 1664K, reserved 1048576K
GC Heap History (10 events):
Event: 192.265 GC heap before
{Heap before GC invocations=144 (full 5):
 PSYoungGen      total 834048K, used 834016K [0x0000000781900000, 0x00000007c0000000, 0x00000007c0000000)
  eden space 696320K, 100% used [0x0000000781900000,0x00000007ac100000,0x00000007ac100000)
  from space 137728K, 99% used [0x00000007b6300000,0x00000007be978010,0x00000007be980000)
  to   space 163328K, 0% used [0x00000007ac100000,0x00000007ac100000,0x00000007b6080000)
 ParOldGen       total 1697280K, used 1572305K [0x0000000704a00000, 0x000000076c380000, 0x0000000781900000)
  object space 1697280K, 92% used [0x0000000704a00000,0x0000000764974678,0x000000076c380000)
 Metaspace       used 14705K, capacity 15300K, committed 15488K, reserved 1062912K
  class space    used 1471K, capacity 1636K, committed 1664K, reserved 1048576K
Event: 192.325 GC heap after
Heap after GC invocations=144 (full 5):
 PSYoungGen      total 859648K, used 43456K [0x0000000781900000, 0x00000007c0000000, 0x00000007c0000000)
  eden space 696320K, 0% used [0x0000000781900000,0x0000000781900000,0x00000007ac100000)
  from space 163328K, 26% used [0x00000007ac100000,0x00000007aeb70000,0x00000007b6080000)
  to   space 157696K, 0% used [0x00000007b6600000,0x00000007b6600000,0x00000007c0000000)
 ParOldGen       total 1697280K, used 1572321K [0x0000000704a00000, 0x000000076c380000, 0x0000000781900000)
  object space 1697280K, 92% used [0x0000000704a00000,0x0000000764978678,0x000000076c380000)
 Metaspace       used 14705K, capacity 15300K, committed 15488K, reserved 1062912K
  class space    used 1471K, capacity 1636K, committed 1664K, reserved 1048576K
}
Event: 194.154 GC heap before
{Heap before GC invocations=145 (full 5):
 PSYoungGen      total 859648K, used 739776K [0x0000000781900000, 0x00000007c0000000, 0x00000007c0000000)
  eden space 696320K, 100% used [0x0000000781900000,0x00000007ac100000,0x00000007ac100000)
  from space 163328K, 26% used [0x00000007ac100000,0x00000007aeb70000,0x00000007b6080000)
  to   space 157696K, 0% used [0x00000007b6600000,0x00000007b6600000,0x00000007c0000000)
 ParOldGen       total 1697280K, used 1572321K [0x0000000704a00000, 0x000000076c380000, 0x0000000781900000)
  object space 1697280K, 92% used [0x0000000704a00000,0x0000000764978678,0x000000076c380000)
 Metaspace       used 14705K, capacity 15300K, committed 15488K, reserved 1062912K
  class space    used 1471K, capacity 1636K, committed 1664K, reserved 1048576K
Event: 194.197 GC heap after
Heap after GC invocations=145 (full 5):
 PSYoungGen      total 846848K, used 31904K [0x0000000781900000, 0x00000007bf380000, 0x00000007c0000000)
  eden space 701952K, 0% used [0x0000000781900000,0x0000000781900000,0x00000007ac680000)
  from space 144896K, 22% used [0x00000007b6600000,0x00000007b8528000,0x00000007bf380000)
  to   space 154112K, 0% used [0x00000007ac680000,0x00000007ac680000,0x00000007b5d00000)
 ParOldGen       total 1697280K, used 1572321K [0x0000000704a00000, 0x000000076c380000, 0x0000000781900000)
  object space 1697280K, 92% used [0x0000000704a00000,0x0000000764978678,0x000000076c380000)
 Metaspace       used 14705K, capacity 15300K, committed 15488K, reserved 1062912K
  class space    used 1471K, capacity 1636K, committed 1664K, reserved 1048576K
}
Event: 195.094 GC heap before
{Heap before GC invocations=146 (full 5):
 PSYoungGen      total 846848K, used 733856K [0x0000000781900000, 0x00000007bf380000, 0x00000007c0000000)
  eden space 701952K, 100% used [0x0000000781900000,0x00000007ac680000,0x00000007ac680000)
  from space 144896K, 22% used [0x00000007b6600000,0x00000007b8528000,0x00000007bf380000)
  to   space 154112K, 0% used [0x00000007ac680000,0x00000007ac680000,0x00000007b5d00000)
 ParOldGen       total 1697280K, used 1572321K [0x0000000704a00000, 0x000000076c380000, 0x0000000781900000)
  object space 1697280K, 92% used [0x0000000704a00000,0x0000000764978678,0x000000076c380000)
 Metaspace       used 14705K, capacity 15300K, committed 15488K, reserved 1062912K
  class space    used 1471K, capacity 1636K, committed 1664K, reserved 1048576K
Event: 195.107 GC heap after
Heap after GC invocations=146 (full 5):
 PSYoungGen      total 856064K, used 1472K [0x0000000781900000, 0x00000007c0000000, 0x00000007c0000000)
  eden space 701952K, 0% used [0x0000000781900000,0x0000000781900000,0x00000007ac680000)
  from space 154112K, 0% used [0x00000007ac680000,0x00000007ac7f0000,0x00000007b5d00000)
  to   space 155648K, 0% used [0x00000007b6800000,0x00000007b6800000,0x00000007c0000000)
 ParOldGen       total 1697280K, used 1572321K [0x0000000704a00000, 0x000000076c380000, 0x0000000781900000)
  object space 1697280K, 92% used [0x0000000704a00000,0x0000000764978678,0x000000076c380000)
 Metaspace       used 14705K, capacity 15300K, committed 15488K, reserved 1062912K
  class space    used 1471K, capacity 1636K, committed 1664K, reserved 1048576K
}
Event: 196.240 GC heap before
{Heap before GC invocations=147 (full 5):
 PSYoungGen      total 856064K, used 703424K [0x0000000781900000, 0x00000007c0000000, 0x00000007c0000000)
  eden space 701952K, 100% used [0x0000000781900000,0x00000007ac680000,0x00000007ac680000)
  from space 154112K, 0% used [0x00000007ac680000,0x00000007ac7f0000,0x00000007b5d00000)
  to   space 155648K, 0% used [0x00000007b6800000,0x00000007b6800000,0x00000007c0000000)
 ParOldGen       total 1697280K, used 1572321K [0x0000000704a00000, 0x000000076c380000, 0x0000000781900000)
  object space 1697280K, 92% used [0x0000000704a00000,0x0000000764978678,0x000000076c380000)
 Metaspace       used 14706K, capacity 15304K, committed 15488K, reserved 1062912K
  class space    used 1471K, capacity 1636K, committed 1664K, reserved 1048576K
Event: 196.364 GC heap after
Heap after GC invocations=147 (full 5):
 PSYoungGen      total 858112K, used 95472K [0x0000000781900000, 0x00000007c0000000, 0x00000007c0000000)
  eden space 702464K, 0% used [0x0000000781900000,0x0000000781900000,0x00000007ac700000)
  from space 155648K, 61% used [0x00000007b6800000,0x00000007bc53c010,0x00000007c0000000)
  to   space 160256K, 0% used [0x00000007ac700000,0x00000007ac700000,0x00000007b6380000)
 ParOldGen       total 1697280K, used 1572321K [0x0000000704a00000, 0x000000076c380000, 0x0000000781900000)
  object space 1697280K, 92% used [0x0000000704a00000,0x0000000764978678,0x000000076c380000)
 Metaspace       used 14706K, capacity 15304K, committed 15488K, reserved 1062912K
  class space    used 1471K, capacity 1636K, committed 1664K, reserved 1048576K
}
Event: 197.872 GC heap before
{Heap before GC invocations=148 (full 5):
 PSYoungGen      total 858112K, used 797936K [0x0000000781900000, 0x00000007c0000000, 0x00000007c0000000)
  eden space 702464K, 100% used [0x0000000781900000,0x00000007ac700000,0x00000007ac700000)
  from space 155648K, 61% used [0x00000007b6800000,0x00000007bc53c010,0x00000007c0000000)
  to   space 160256K, 0% used [0x00000007ac700000,0x00000007ac700000,0x00000007b6380000)
 ParOldGen       total 1697280K, used 1572321K [0x0000000704a00000, 0x000000076c380000, 0x0000000781900000)
  object space 1697280K, 92% used [0x0000000704a00000,0x0000000764978678,0x000000076c380000)
 Metaspace       used 14706K, capacity 15304K, committed 15488K, reserved 1062912K
  class space    used 1471K, capacity 1636K, committed 1664K, reserved 1048576K
Event: 197.885 GC heap after
Heap after GC invocations=148 (full 5):
 PSYoungGen      total 862720K, used 1664K [0x0000000781900000, 0x00000007c0000000, 0x00000007c0000000)
  eden space 702464K, 0% used [0x0000000781900000,0x0000000781900000,0x00000007ac700000)
  from space 160256K, 1% used [0x00000007ac700000,0x00000007ac8a0000,0x00000007b6380000)
  to   space 160256K, 0% used [0x00000007b6380000,0x00000007b6380000,0x00000007c0000000)
 ParOldGen       total 1697280K, used 1572337K [0x0000000704a00000, 0x000000076c380000, 0x0000000781900000)
  object space 1697280K, 92% used [0x0000000704a00000,0x000000076497c678,0x000000076c380000)
 Metaspace       used 14706K, capacity 15304K, committed 15488K, reserved 1062912K
  class space    used 1471K, capacity 1636K, committed 1664K, reserved 1048576K
}

