# JRE version: Java(TM) SE Runtime Environment (8.0_191-b12) (build 1.8.0_191-b12)
# Java VM: Java HotSpot(TM) 64-Bit Server VM (25.191-b12 mixed mode windows-amd64 compressed oops)
Heap:
 PSYoungGen      total 888320K, used 277619K [0x0000000780000000, 0x00000007bfd00000, 0x00000007c0000000)
  eden space 883712K, 30% used [0x0000000780000000,0x0000000790aa8698,0x00000007b5f00000)
  from space 4608K, 99% used [0x00000007b5f00000,0x00000007b63748b0,0x00000007b6380000)
  to   space 79872K, 0% used [0x00000007baf00000,0x00000007baf00000,0x00000007bfd00000)
 ParOldGen       total 2097152K, used 1811014K [0x0000000700000000, 0x0000000780000000, 0x0000000780000000)
  object space 2097152K, 86% used [0x0000000700000000,0x000000076e891948,0x0000000780000000)
 Metaspace       used 9246K, capacity 9512K, committed 9856K, reserved 1058816K
  class space    used 952K, capacity 1032K, committed 1152K, reserved 1048576K
GC Heap History (10 events):
Event: 8850.890 GC heap before
{Heap before GC invocations=27076 (full 26271):
 PSYoungGen      total 987136K, used 986784K [0x0000000780000000, 0x00000007bec80000, 0x00000007c0000000)
  eden space 985088K, 100% used [0x0000000780000000,0x00000007bc200000,0x00000007bc200000)
  from space 2048K, 82% used [0x00000007bea80000,0x00000007bec28000,0x00000007bec80000)
  to   space 3072K, 0% used [0x00000007be680000,0x00000007be680000,0x00000007be980000)
 ParOldGen       total 2097152K, used 1596993K [0x0000000700000000, 0x0000000780000000, 0x0000000780000000)
  object space 2097152K, 76% used [0x0000000700000000,0x00000007617907e8,0x0000000780000000)
 Metaspace       used 8279K, capacity 8452K, committed 8704K, reserved 1056768K
  class space    used 864K, capacity 938K, committed 1024K, reserved 1048576K
Event: 8850.898 GC heap after
Heap after GC invocations=27076 (full 26271):
 PSYoungGen      total 988672K, used 1952K [0x0000000780000000, 0x00000007beb00000, 0x00000007c0000000)
  eden space 986624K, 0% used [0x0000000780000000,0x0000000780000000,0x00000007bc380000)
  from space 2048K, 95% used [0x00000007be680000,0x00000007be868000,0x00000007be880000)
  to   space 2560K, 0% used [0x00000007be880000,0x00000007be880000,0x00000007beb00000)
 ParOldGen       total 2097152K, used 1597001K [0x0000000700000000, 0x0000000780000000, 0x0000000780000000)
  object space 2097152K, 76% used [0x0000000700000000,0x00000007617927e8,0x0000000780000000)
 Metaspace       used 8279K, capacity 8452K, committed 8704K, reserved 1056768K
  class space    used 864K, capacity 938K, committed 1024K, reserved 1048576K
}
Event: 8851.895 GC heap before
{Heap before GC invocations=27077 (full 26271):
 PSYoungGen      total 988672K, used 988576K [0x0000000780000000, 0x00000007beb00000, 0x00000007c0000000)
  eden space 986624K, 100% used [0x0000000780000000,0x00000007bc380000,0x00000007bc380000)
  from space 2048K, 95% used [0x00000007be680000,0x00000007be868000,0x00000007be880000)
  to   space 2560K, 0% used [0x00000007be880000,0x00000007be880000,0x00000007beb00000)
 ParOldGen       total 2097152K, used 1597001K [0x0000000700000000, 0x0000000780000000, 0x0000000780000000)
  object space 2097152K, 76% used [0x0000000700000000,0x00000007617927e8,0x0000000780000000)
 Metaspace       used 8279K, capacity 8452K, committed 8704K, reserved 1056768K
  class space    used 864K, capacity 938K, committed 1024K, reserved 1048576K
Event: 8851.903 GC heap after
Heap after GC invocations=27077 (full 26271):
 PSYoungGen      total 989184K, used 768K [0x0000000780000000, 0x00000007be980000, 0x00000007c0000000)
  eden space 988160K, 0% used [0x0000000780000000,0x0000000780000000,0x00000007bc500000)
  from space 1024K, 75% used [0x00000007be880000,0x00000007be940000,0x00000007be980000)
  to   space 3072K, 0% used [0x00000007be380000,0x00000007be380000,0x00000007be680000)
 ParOldGen       total 2097152K, used 1597001K [0x0000000700000000, 0x0000000780000000, 0x0000000780000000)
  object space 2097152K, 76% used [0x0000000700000000,0x00000007617927e8,0x0000000780000000)
 Metaspace       used 8279K, capacity 8452K, committed 8704K, reserved 1056768K
  class space    used 864K, capacity 938K, committed 1024K, reserved 1048576K
}
Event: 8853.038 GC heap before
{Heap before GC invocations=27078 (full 26271):
 PSYoungGen      total 989184K, used 988928K [0x0000000780000000, 0x00000007be980000, 0x00000007c0000000)
  eden space 988160K, 100% used [0x0000000780000000,0x00000007bc500000,0x00000007bc500000)
  from space 1024K, 75% used [0x00000007be880000,0x00000007be940000,0x00000007be980000)
  to   space 3072K, 0% used [0x00000007be380000,0x00000007be380000,0x00000007be680000)
 ParOldGen       total 2097152K, used 1597001K [0x0000000700000000, 0x0000000780000000, 0x0000000780000000)
  object space 2097152K, 76% used [0x0000000700000000,0x00000007617927e8,0x0000000780000000)
 Metaspace       used 8279K, capacity 8452K, committed 8704K, reserved 1056768K
  class space    used 864K, capacity 938K, committed 1024K, reserved 1048576K
Event: 8853.048 GC heap after
Heap after GC invocations=27078 (full 26271):
 PSYoungGen      total 991232K, used 1024K [0x0000000780000000, 0x00000007be900000, 0x00000007c0000000)
  eden space 990208K, 0% used [0x0000000780000000,0x0000000780000000,0x00000007bc700000)
  from space 1024K, 100% used [0x00000007be380000,0x00000007be480000,0x00000007be480000)
  to   space 3072K, 0% used [0x00000007be600000,0x00000007be600000,0x00000007be900000)
 ParOldGen       total 2097152K, used 1597001K [0x0000000700000000, 0x0000000780000000, 0x0000000780000000)
  object space 2097152K, 76% used [0x0000000700000000,0x00000007617927e8,0x0000000780000000)
 Metaspace       used 8279K, capacity 8452K, committed 8704K, reserved 1056768K
  class space    used 864K, capacity 938K, committed 1024K, reserved 1048576K
}
Event: 8860.995 GC heap before
{Heap before GC invocations=27079 (full 26271):
 PSYoungGen      total 991232K, used 991232K [0x0000000780000000, 0x00000007be900000, 0x00000007c0000000)
  eden space 990208K, 100% used [0x0000000780000000,0x00000007bc700000,0x00000007bc700000)
  from space 1024K, 100% used [0x00000007be380000,0x00000007be480000,0x00000007be480000)
  to   space 3072K, 0% used [0x00000007be600000,0x00000007be600000,0x00000007be900000)
 ParOldGen       total 2097152K, used 1597001K [0x0000000700000000, 0x0000000780000000, 0x0000000780000000)
  object space 2097152K, 76% used [0x0000000700000000,0x00000007617927e8,0x0000000780000000)
 Metaspace       used 9216K, capacity 9448K, committed 9600K, reserved 1058816K
  class space    used 951K, capacity 1032K, committed 1152K, reserved 1048576K
Event: 8861.097 GC heap after
Heap after GC invocations=27079 (full 26271):
 PSYoungGen      total 886784K, used 3058K [0x0000000780000000, 0x00000007c0000000, 0x00000007c0000000)
  eden space 883712K, 0% used [0x0000000780000000,0x0000000780000000,0x00000007b5f00000)
  from space 3072K, 99% used [0x00000007be600000,0x00000007be8fc8b0,0x00000007be900000)
  to   space 82432K, 0% used [0x00000007b5f00000,0x00000007b5f00000,0x00000007baf80000)
 ParOldGen       total 2097152K, used 1810998K [0x0000000700000000, 0x0000000780000000, 0x0000000780000000)
  object space 2097152K, 86% used [0x0000000700000000,0x000000076e88d948,0x0000000780000000)
 Metaspace       used 9216K, capacity 9448K, committed 9600K, reserved 1058816K
  class space    used 951K, capacity 1032K, committed 1152K, reserved 1048576K
}
Event: 8869.827 GC heap before
{Heap before GC invocations=27080 (full 26271):
 PSYoungGen      total 886784K, used 886770K [0x0000000780000000, 0x00000007c0000000, 0x00000007c0000000)
  eden space 883712K, 100% used [0x0000000780000000,0x00000007b5f00000,0x00000007b5f00000)
  from space 3072K, 99% used [0x00000007be600000,0x00000007be8fc8b0,0x00000007be900000)
  to   space 82432K, 0% used [0x00000007b5f00000,0x00000007b5f00000,0x00000007baf80000)
 ParOldGen       total 2097152K, used 1810998K [0x0000000700000000, 0x0000000780000000, 0x0000000780000000)
  object space 2097152K, 86% used [0x0000000700000000,0x000000076e88d948,0x0000000780000000)
 Metaspace       used 9245K, capacity 9512K, committed 9856K, reserved 1058816K
  class space    used 952K, capacity 1032K, committed 1152K, reserved 1048576K
Event: 8869.888 GC heap after
Heap after GC invocations=27080 (full 26271):
 PSYoungGen      total 888320K, used 4562K [0x0000000780000000, 0x00000007bfd00000, 0x00000007c0000000)
  eden space 883712K, 0% used [0x0000000780000000,0x0000000780000000,0x00000007b5f00000)
  from space 4608K, 99% used [0x00000007b5f00000,0x00000007b63748b0,0x00000007b6380000)
  to   space 79872K, 0% used [0x00000007baf00000,0x00000007baf00000,0x00000007bfd00000)
 ParOldGen       total 2097152K, used 1811014K [0x0000000700000000, 0x0000000780000000, 0x0000000780000000)
  object space 2097152K, 86% used [0x0000000700000000,0x000000076e891948,0x0000000780000000)
 Metaspace       used 9245K, capacity 9512K, committed 9856K, reserved 1058816K
  class space    used 952K, capacity 1032K, committed 1152K, reserved 1048576K
}

