# JRE version: Java(TM) SE Runtime Environment (8.0_191-b12) (build 1.8.0_191-b12)
# Java VM: Java HotSpot(TM) 64-Bit Server VM (25.191-b12 mixed mode windows-amd64 compressed oops)
Heap:
 PSYoungGen      total 465920K, used 232960K [0x00000000d5580000, 0x0000000100000000, 0x0000000100000000)
  eden space 232960K, 100% used [0x00000000d5580000,0x00000000e3900000,0x00000000e3900000)
  from space 232960K, 0% used [0x00000000e3900000,0x00000000e3900000,0x00000000f1c80000)
  to   space 232960K, 0% used [0x00000000f1c80000,0x00000000f1c80000,0x0000000100000000)
 ParOldGen       total 1398272K, used 1233839K [0x0000000080000000, 0x00000000d5580000, 0x00000000d5580000)
  object space 1398272K, 88% used [0x0000000080000000,0x00000000cb4ebc78,0x00000000d5580000)
 Metaspace       used 14679K, capacity 15224K, committed 15488K, reserved 1062912K
  class space    used 1470K, capacity 1636K, committed 1664K, reserved 1048576K
GC Heap History (10 events):
Event: 87.060 GC heap after
Heap after GC invocations=71 (full 50):
 PSYoungGen      total 465920K, used 0K [0x00000000d5580000, 0x0000000100000000, 0x0000000100000000)
  eden space 232960K, 0% used [0x00000000d5580000,0x00000000d5580000,0x00000000e3900000)
  from space 232960K, 0% used [0x00000000e3900000,0x00000000e3900000,0x00000000f1c80000)
  to   space 232960K, 0% used [0x00000000f1c80000,0x00000000f1c80000,0x0000000100000000)
 ParOldGen       total 1247232K, used 1234186K [0x0000000080000000, 0x00000000cc200000, 0x00000000d5580000)
  object space 1247232K, 98% used [0x0000000080000000,0x00000000cb5429e8,0x00000000cc200000)
 Metaspace       used 14677K, capacity 15224K, committed 15488K, reserved 1062912K
  class space    used 1470K, capacity 1636K, committed 1664K, reserved 1048576K
}
Event: 87.291 GC heap before
{Heap before GC invocations=72 (full 51):
 PSYoungGen      total 465920K, used 232960K [0x00000000d5580000, 0x0000000100000000, 0x0000000100000000)
  eden space 232960K, 100% used [0x00000000d5580000,0x00000000e3900000,0x00000000e3900000)
  from space 232960K, 0% used [0x00000000e3900000,0x00000000e3900000,0x00000000f1c80000)
  to   space 232960K, 0% used [0x00000000f1c80000,0x00000000f1c80000,0x0000000100000000)
 ParOldGen       total 1247232K, used 1234186K [0x0000000080000000, 0x00000000cc200000, 0x00000000d5580000)
  object space 1247232K, 98% used [0x0000000080000000,0x00000000cb5429e8,0x00000000cc200000)
 Metaspace       used 14677K, capacity 15224K, committed 15488K, reserved 1062912K
  class space    used 1470K, capacity 1636K, committed 1664K, reserved 1048576K
Event: 87.930 GC heap after
Heap after GC invocations=72 (full 51):
 PSYoungGen      total 465920K, used 0K [0x00000000d5580000, 0x0000000100000000, 0x0000000100000000)
  eden space 232960K, 0% used [0x00000000d5580000,0x00000000d5580000,0x00000000e3900000)
  from space 232960K, 0% used [0x00000000e3900000,0x00000000e3900000,0x00000000f1c80000)
  to   space 232960K, 0% used [0x00000000f1c80000,0x00000000f1c80000,0x0000000100000000)
 ParOldGen       total 1247232K, used 1232728K [0x0000000080000000, 0x00000000cc200000, 0x00000000d5580000)
  object space 1247232K, 98% used [0x0000000080000000,0x00000000cb3d6318,0x00000000cc200000)
 Metaspace       used 14677K, capacity 15224K, committed 15488K, reserved 1062912K
  class space    used 1470K, capacity 1636K, committed 1664K, reserved 1048576K
}
Event: 88.680 GC heap before
{Heap before GC invocations=73 (full 52):
 PSYoungGen      total 465920K, used 232960K [0x00000000d5580000, 0x0000000100000000, 0x0000000100000000)
  eden space 232960K, 100% used [0x00000000d5580000,0x00000000e3900000,0x00000000e3900000)
  from space 232960K, 0% used [0x00000000e3900000,0x00000000e3900000,0x00000000f1c80000)
  to   space 232960K, 0% used [0x00000000f1c80000,0x00000000f1c80000,0x0000000100000000)
 ParOldGen       total 1247232K, used 1232728K [0x0000000080000000, 0x00000000cc200000, 0x00000000d5580000)
  object space 1247232K, 98% used [0x0000000080000000,0x00000000cb3d6318,0x00000000cc200000)
 Metaspace       used 14677K, capacity 15224K, committed 15488K, reserved 1062912K
  class space    used 1470K, capacity 1636K, committed 1664K, reserved 1048576K
Event: 89.327 GC heap after
Heap after GC invocations=73 (full 52):
 PSYoungGen      total 465920K, used 0K [0x00000000d5580000, 0x0000000100000000, 0x0000000100000000)
  eden space 232960K, 0% used [0x00000000d5580000,0x00000000d5580000,0x00000000e3900000)
  from space 232960K, 0% used [0x00000000e3900000,0x00000000e3900000,0x00000000f1c80000)
  to   space 232960K, 0% used [0x00000000f1c80000,0x00000000f1c80000,0x0000000100000000)
 ParOldGen       total 1247232K, used 1241393K [0x0000000080000000, 0x00000000cc200000, 0x00000000d5580000)
  object space 1247232K, 99% used [0x0000000080000000,0x00000000cbc4c7d8,0x00000000cc200000)
 Metaspace       used 14677K, capacity 15224K, committed 15488K, reserved 1062912K
  class space    used 1470K, capacity 1636K, committed 1664K, reserved 1048576K
}
Event: 89.930 GC heap before
{Heap before GC invocations=74 (full 53):
 PSYoungGen      total 465920K, used 232960K [0x00000000d5580000, 0x0000000100000000, 0x0000000100000000)
  eden space 232960K, 100% used [0x00000000d5580000,0x00000000e3900000,0x00000000e3900000)
  from space 232960K, 0% used [0x00000000e3900000,0x00000000e3900000,0x00000000f1c80000)
  to   space 232960K, 0% used [0x00000000f1c80000,0x00000000f1c80000,0x0000000100000000)
 ParOldGen       total 1247232K, used 1241393K [0x0000000080000000, 0x00000000cc200000, 0x00000000d5580000)
  object space 1247232K, 99% used [0x0000000080000000,0x00000000cbc4c7d8,0x00000000cc200000)
 Metaspace       used 14679K, capacity 15224K, committed 15488K, reserved 1062912K
  class space    used 1470K, capacity 1636K, committed 1664K, reserved 1048576K
Event: 90.548 GC heap after
Heap after GC invocations=74 (full 53):
 PSYoungGen      total 465920K, used 0K [0x00000000d5580000, 0x0000000100000000, 0x0000000100000000)
  eden space 232960K, 0% used [0x00000000d5580000,0x00000000d5580000,0x00000000e3900000)
  from space 232960K, 0% used [0x00000000e3900000,0x00000000e3900000,0x00000000f1c80000)
  to   space 232960K, 0% used [0x00000000f1c80000,0x00000000f1c80000,0x0000000100000000)
 ParOldGen       total 1247232K, used 1233428K [0x0000000080000000, 0x00000000cc200000, 0x00000000d5580000)
  object space 1247232K, 98% used [0x0000000080000000,0x00000000cb485310,0x00000000cc200000)
 Metaspace       used 14679K, capacity 15224K, committed 15488K, reserved 1062912K
  class space    used 1470K, capacity 1636K, committed 1664K, reserved 1048576K
}
Event: 91.151 GC heap before
{Heap before GC invocations=75 (full 54):
 PSYoungGen      total 465920K, used 232960K [0x00000000d5580000, 0x0000000100000000, 0x0000000100000000)
  eden space 232960K, 100% used [0x00000000d5580000,0x00000000e3900000,0x00000000e3900000)
  from space 232960K, 0% used [0x00000000e3900000,0x00000000e3900000,0x00000000f1c80000)
  to   space 232960K, 0% used [0x00000000f1c80000,0x00000000f1c80000,0x0000000100000000)
 ParOldGen       total 1247232K, used 1233428K [0x0000000080000000, 0x00000000cc200000, 0x00000000d5580000)
  object space 1247232K, 98% used [0x0000000080000000,0x00000000cb485310,0x00000000cc200000)
 Metaspace       used 14679K, capacity 15224K, committed 15488K, reserved 1062912K
  class space    used 1470K, capacity 1636K, committed 1664K, reserved 1048576K
Event: 91.997 GC heap after
Heap after GC invocations=75 (full 54):
 PSYoungGen      total 465920K, used 0K [0x00000000d5580000, 0x0000000100000000, 0x0000000100000000)
  eden space 232960K, 0% used [0x00000000d5580000,0x00000000d5580000,0x00000000e3900000)
  from space 232960K, 0% used [0x00000000e3900000,0x00000000e3900000,0x00000000f1c80000)
  to   space 232960K, 0% used [0x00000000f1c80000,0x00000000f1c80000,0x0000000100000000)
 ParOldGen       total 1398272K, used 1233839K [0x0000000080000000, 0x00000000d5580000, 0x00000000d5580000)
  object space 1398272K, 88% used [0x0000000080000000,0x00000000cb4ebc78,0x00000000d5580000)
 Metaspace       used 14679K, capacity 15224K, committed 15488K, reserved 1062912K
  class space    used 1470K, capacity 1636K, committed 1664K, reserved 1048576K
}
Event: 92.235 GC heap before
{Heap before GC invocations=76 (full 55):
 PSYoungGen      total 465920K, used 232960K [0x00000000d5580000, 0x0000000100000000, 0x0000000100000000)
  eden space 232960K, 100% used [0x00000000d5580000,0x00000000e3900000,0x00000000e3900000)
  from space 232960K, 0% used [0x00000000e3900000,0x00000000e3900000,0x00000000f1c80000)
  to   space 232960K, 0% used [0x00000000f1c80000,0x00000000f1c80000,0x0000000100000000)
 ParOldGen       total 1398272K, used 1233839K [0x0000000080000000, 0x00000000d5580000, 0x00000000d5580000)
  object space 1398272K, 88% used [0x0000000080000000,0x00000000cb4ebc78,0x00000000d5580000)
 Metaspace       used 14679K, capacity 15224K, committed 15488K, reserved 1062912K
  class space    used 1470K, capacity 1636K, committed 1664K, reserved 1048576K

